<?xml version="1.0" encoding="utf-8"?><testsuites name="pytest tests"><testsuite name="pytest" errors="0" failures="0" skipped="0" tests="20" time="10.532" timestamp="2026-04-10T03:34:54.285689+00:00" hostname="agent-env-528a4ada-fbb1-4b08-bd41-82c1888e4284"><testcase classname="test_backend_api.TestAuth" name="test_register_success" time="0.358" /><testcase classname="test_backend_api.TestAuth" name="test_register_duplicate_phone" time="0.149" /><testcase classname="test_backend_api.TestAuth" name="test_register_invalid_pin" time="0.113" /><testcase classname="test_backend_api.TestAuth" name="test_login_demo_user" time="0.350" /><testcase classname="test_backend_api.TestAuth" name="test_login_invalid_credentials" time="0.329" /><testcase classname="test_backend_api.TestAuth" name="test_get_me_authenticated" time="0.375" /><testcase classname="test_backend_api.TestAuth" name="test_get_me_unauthenticated" time="0.111" /><testcase classname="test_backend_api.TestTickets" name="test_get_tickets_list" time="0.400" /><testcase classname="test_backend_api.TestTickets" name="test_create_ticket_and_verify_persistence" time="0.529" /><testcase classname="test_backend_api.TestTickets" name="test_get_ticket_by_id" time="0.434" /><testcase classname="test_backend_api.TestTickets" name="test_get_ticket_not_found" time="0.418" /><testcase classname="test_backend_api.TestTickets" name="test_update_ticket_and_verify" time="0.566" /><testcase classname="test_backend_api.TestTickets" name="test_delete_ticket_and_verify" time="0.510" /><testcase classname="test_backend_api.TestTickets" name="test_tickets_require_authentication" time="0.412" /><testcase classname="test_backend_api.TestFlightStatus" name="test_flight_status_api_key_required" time="0.140" /><testcase classname="test_backend_api.TestFlightStatus" name="test_flight_status_with_date" time="0.127" /><testcase classname="test_backend_api.TestSampleData" name="test_demo_user_sample_tickets" time="0.399" /><testcase classname="test_pdf_parse.TestPDFParse" name="test_pdf_parse_endpoint_exists" time="0.375" /><testcase classname="test_pdf_parse.TestPDFParse" name="test_pdf_parse_with_pdf_file" time="1.800" /><testcase classname="test_pdf_parse.TestPDFParse" name="test_image_parse_still_works" time="2.603" /></testsuite></testsuites>