<?xml version="1.0" encoding="utf-8"?><testsuites name="pytest tests"><testsuite name="pytest" errors="0" failures="0" skipped="0" tests="17" time="5.932" timestamp="2026-04-10T02:54:30.418380+00:00" hostname="agent-env-528a4ada-fbb1-4b08-bd41-82c1888e4284"><testcase classname="tests.test_backend_api.TestAuth" name="test_register_success" time="0.494" /><testcase classname="tests.test_backend_api.TestAuth" name="test_register_duplicate_phone" time="0.116" /><testcase classname="tests.test_backend_api.TestAuth" name="test_register_invalid_pin" time="0.123" /><testcase classname="tests.test_backend_api.TestAuth" name="test_login_demo_user" time="0.331" /><testcase classname="tests.test_backend_api.TestAuth" name="test_login_invalid_credentials" time="0.380" /><testcase classname="tests.test_backend_api.TestAuth" name="test_get_me_authenticated" time="0.430" /><testcase classname="tests.test_backend_api.TestAuth" name="test_get_me_unauthenticated" time="0.143" /><testcase classname="tests.test_backend_api.TestTickets" name="test_get_tickets_list" time="0.387" /><testcase classname="tests.test_backend_api.TestTickets" name="test_create_ticket_and_verify_persistence" time="0.504" /><testcase classname="tests.test_backend_api.TestTickets" name="test_get_ticket_by_id" time="0.475" /><testcase classname="tests.test_backend_api.TestTickets" name="test_get_ticket_not_found" time="0.383" /><testcase classname="tests.test_backend_api.TestTickets" name="test_update_ticket_and_verify" time="0.588" /><testcase classname="tests.test_backend_api.TestTickets" name="test_delete_ticket_and_verify" time="0.489" /><testcase classname="tests.test_backend_api.TestTickets" name="test_tickets_require_authentication" time="0.421" /><testcase classname="tests.test_backend_api.TestFlightStatus" name="test_flight_status_api_key_required" time="0.137" /><testcase classname="tests.test_backend_api.TestFlightStatus" name="test_flight_status_with_date" time="0.122" /><testcase classname="tests.test_backend_api.TestSampleData" name="test_demo_user_sample_tickets" time="0.378" /></testsuite></testsuites>